Sun Feb  1 20:44:08 CET 2026: Changes detected, syncing to GitHub...
[main f4cccf7] Auto-sync: 2026-02-01 20:44:08
 3 files changed, 28 insertions(+)
 create mode 100644 Redacted/logs/git-sync-error.log
 create mode 100644 Redacted/logs/git-sync.log
 create mode 100755 Redacted/scripts/git-auto-sync.sh
Sun Feb  1 20:44:09 CET 2026: Sync complete
Sun Feb  1 21:44:09 CET 2026: Changes detected, syncing to GitHub...
[main 199e50e] Auto-sync: 2026-02-01 21:44:09
 8 files changed, 225 insertions(+), 100 deletions(-)
 create mode 100644 Redacted/app/api/admin/mysteries/route.ts
Sun Feb  1 21:44:11 CET 2026: Sync complete
Sun Feb  1 23:47:38 CET 2026: Changes detected, syncing to GitHub...
[main eb528ec] Auto-sync: 2026-02-01 23:47:38
 7 files changed, 1029 insertions(+), 1 deletion(-)
 create mode 100644 Redacted/app/admin/cases/page.tsx
 create mode 100644 Redacted/app/api/admin/cases/route.ts
 create mode 100644 Redacted/app/api/admin/evidence/route.ts
 create mode 100644 Redacted/scripts/migrations/008_case_metadata.sql
Sun Feb  1 23:47:39 CET 2026: Sync complete
Mon Feb  2 03:48:13 CET 2026: Changes detected, syncing to GitHub...
[main 224825d] Auto-sync: 2026-02-02 03:48:13
 2 files changed, 10 insertions(+)
Mon Feb  2 03:48:14 CET 2026: Sync complete
Mon Feb  2 09:24:36 CET 2026: Changes detected, syncing to GitHub...
